<?xml version="1.0" encoding="utf-8"?><testsuites name="pytest tests"><testsuite name="pytest" errors="0" failures="0" skipped="0" tests="14" time="24.490" timestamp="2026-03-13T21:03:44.093043+00:00" hostname="agent-env-e61f6e4f-20e6-4e07-b9fd-2bca47af53c6"><testcase classname="backend.tests.test_research_api.TestHealthAndStats" name="test_root" time="0.388" /><testcase classname="backend.tests.test_research_api.TestHealthAndStats" name="test_get_stats" time="0.264" /><testcase classname="backend.tests.test_research_api.TestHealthAndStats" name="test_stats_types" time="0.161" /><testcase classname="backend.tests.test_research_api.TestResearchRun" name="test_create_research_task" time="0.256" /><testcase classname="backend.tests.test_research_api.TestResearchRun" name="test_get_task_by_id" time="11.020" /><testcase classname="backend.tests.test_research_api.TestResearchRun" name="test_get_task_not_found" time="0.187" /><testcase classname="backend.tests.test_research_api.TestResearchRun" name="test_get_history" time="0.256" /><testcase classname="backend.tests.test_research_api.TestResearchRun" name="test_delete_task" time="5.105" /><testcase classname="backend.tests.test_research_api.TestPreviewPrompt" name="test_preview_prompt" time="0.172" /><testcase classname="backend.tests.test_research_api.TestPreviewPrompt" name="test_preview_prompt_empty" time="0.169" /><testcase classname="backend.tests.test_research_api.TestTemplates" name="test_create_and_get_template" time="0.346" /><testcase classname="backend.tests.test_research_api.TestTemplates" name="test_delete_template" time="0.436" /><testcase classname="backend.tests.test_research_api.TestTemplates" name="test_get_templates_list" time="0.212" /><testcase classname="backend.tests.test_research_api.TestExport" name="test_export_no_results_400" time="5.090" /></testsuite></testsuites>